<?xml version="1.0" encoding="UTF-8"?>
<testng-results skipped="0" failed="0" ignored="0" total="4" passed="4">
  <reporter-output>
  </reporter-output>
  <suite name="Default suite" duration-ms="8826" started-at="2023-01-11T11:26:05 IST" finished-at="2023-01-11T11:26:13 IST">
    <groups>
    </groups>
    <test name="Default test" duration-ms="8826" started-at="2023-01-11T11:26:05 IST" finished-at="2023-01-11T11:26:13 IST">
      <class name="testForEcommerse.TestCaseForTheEcom">
        <test-method status="PASS" signature="testForAPI()[pri:1, instance:testForEcommerse.TestCaseForTheEcom@77e9807f]" name="testForAPI" duration-ms="7209" started-at="2023-01-11T11:26:05 IST" finished-at="2023-01-11T11:26:12 IST">
          <reporter-output>
          </reporter-output>
        </test-method> <!-- testForAPI -->
        <test-method status="PASS" signature="createProduct()[pri:2, instance:testForEcommerse.TestCaseForTheEcom@77e9807f]" name="createProduct" duration-ms="653" started-at="2023-01-11T11:26:12 IST" finished-at="2023-01-11T11:26:13 IST">
          <reporter-output>
          </reporter-output>
        </test-method> <!-- createProduct -->
        <test-method status="PASS" signature="placeOrder()[pri:3, instance:testForEcommerse.TestCaseForTheEcom@77e9807f]" name="placeOrder" duration-ms="383" started-at="2023-01-11T11:26:13 IST" finished-at="2023-01-11T11:26:13 IST">
          <reporter-output>
          </reporter-output>
        </test-method> <!-- placeOrder -->
        <test-method status="PASS" signature="delete()[pri:4, instance:testForEcommerse.TestCaseForTheEcom@77e9807f]" name="delete" duration-ms="521" started-at="2023-01-11T11:26:13 IST" finished-at="2023-01-11T11:26:13 IST">
          <reporter-output>
          </reporter-output>
        </test-method> <!-- delete -->
      </class> <!-- testForEcommerse.TestCaseForTheEcom -->
    </test> <!-- Default test -->
  </suite> <!-- Default suite -->
</testng-results>
